[2021-09-18 03:07:34.447] [exthost] [info] extension host started
[2021-09-18 03:07:34.462] [exthost] [info] Lock '/home/zach/.config/Code - OSS/User/workspaceStorage/54c7af32d2503c5b41b8621b93fa8266/vscode.lock': Lock acquired.
[2021-09-18 03:07:34.520] [exthost] [info] ExtensionService#_doActivateExtension vscode.debug-auto-launch {"startup":true,"extensionId":{"value":"vscode.debug-auto-launch","_lower":"vscode.debug-auto-launch"},"activationEvent":"*"}
[2021-09-18 03:07:34.520] [exthost] [info] ExtensionService#loadCommonJSModule file:///usr/lib/code/extensions/debug-auto-launch/dist/extension
[2021-09-18 03:07:34.526] [exthost] [info] ExtensionService#_doActivateExtension vscode.git {"startup":true,"extensionId":{"value":"vscode.github","_lower":"vscode.github"},"activationEvent":"*"}
[2021-09-18 03:07:34.527] [exthost] [info] ExtensionService#loadCommonJSModule file:///usr/lib/code/extensions/git/dist/main
[2021-09-18 03:07:34.558] [exthost] [info] ExtensionService#_doActivateExtension TabNine.tabnine-vscode {"startup":true,"extensionId":{"value":"TabNine.tabnine-vscode","_lower":"tabnine.tabnine-vscode"},"activationEvent":"*"}
[2021-09-18 03:07:34.558] [exthost] [info] ExtensionService#loadCommonJSModule file:///home/zach/.vscode-oss/extensions/tabnine.tabnine-vscode-3.4.27/out/extension
[2021-09-18 03:07:34.667] [exthost] [info] ExtensionService#_doActivateExtension vscode.npm {"startup":true,"extensionId":{"value":"vscode.npm","_lower":"vscode.npm"},"activationEvent":"workspaceContains:package.json"}
[2021-09-18 03:07:34.667] [exthost] [info] ExtensionService#loadCommonJSModule file:///usr/lib/code/extensions/npm/dist/npmMain
[2021-09-18 03:07:35.025] [exthost] [info] ExtensionService#_doActivateExtension vscode.configuration-editing {"startup":false,"extensionId":{"value":"vscode.configuration-editing","_lower":"vscode.configuration-editing"},"activationEvent":"onLanguage:jsonc"}
[2021-09-18 03:07:35.025] [exthost] [info] ExtensionService#loadCommonJSModule file:///usr/lib/code/extensions/configuration-editing/dist/configurationEditingMain
[2021-09-18 03:07:35.036] [exthost] [info] ExtensionService#_doActivateExtension vscode.json-language-features {"startup":false,"extensionId":{"value":"vscode.json-language-features","_lower":"vscode.json-language-features"},"activationEvent":"onLanguage:jsonc"}
[2021-09-18 03:07:35.036] [exthost] [info] ExtensionService#loadCommonJSModule file:///usr/lib/code/extensions/json-language-features/client/dist/node/jsonClientMain
[2021-09-18 03:07:35.084] [exthost] [info] ExtensionService#_doActivateExtension vscode.typescript-language-features {"startup":false,"extensionId":{"value":"vscode.typescript-language-features","_lower":"vscode.typescript-language-features"},"activationEvent":"onLanguage:jsonc"}
[2021-09-18 03:07:35.084] [exthost] [info] ExtensionService#loadCommonJSModule file:///usr/lib/code/extensions/typescript-language-features/dist/extension
[2021-09-18 03:07:35.101] [exthost] [info] ExtensionService#_doActivateExtension vscode.github {"startup":true,"extensionId":{"value":"vscode.github","_lower":"vscode.github"},"activationEvent":"*"}
[2021-09-18 03:07:35.101] [exthost] [info] ExtensionService#loadCommonJSModule file:///usr/lib/code/extensions/github/dist/extension.js
[2021-09-18 03:07:35.215] [exthost] [info] ExtensionService#_doActivateExtension ms-vscode.js-debug {"startup":false,"extensionId":{"value":"ms-vscode.js-debug","_lower":"ms-vscode.js-debug"},"activationEvent":"onCommand:extension.js-debug.clearAutoAttachVariables"}
[2021-09-18 03:07:35.215] [exthost] [info] ExtensionService#loadCommonJSModule file:///usr/lib/code/extensions/ms-vscode.js-debug/src/extension.js
[2021-09-18 03:07:35.636] [exthost] [info] eager extensions activated
[2021-09-18 03:07:35.648] [exthost] [info] ExtensionService#_doActivateExtension vscode.emmet {"startup":false,"extensionId":{"value":"vscode.emmet","_lower":"vscode.emmet"},"activationEvent":"onStartupFinished"}
[2021-09-18 03:07:35.648] [exthost] [info] ExtensionService#loadCommonJSModule file:///usr/lib/code/extensions/emmet/dist/node/emmetNodeMain
[2021-09-18 03:07:35.657] [exthost] [info] ExtensionService#_doActivateExtension vscode.merge-conflict {"startup":false,"extensionId":{"value":"vscode.merge-conflict","_lower":"vscode.merge-conflict"},"activationEvent":"onStartupFinished"}
[2021-09-18 03:07:35.658] [exthost] [info] ExtensionService#loadCommonJSModule file:///usr/lib/code/extensions/merge-conflict/dist/mergeConflictMain
[2021-09-18 03:07:35.661] [exthost] [info] ExtensionService#_doActivateExtension vscode.testing-editor-contributions {"startup":false,"extensionId":{"value":"vscode.testing-editor-contributions","_lower":"vscode.testing-editor-contributions"},"activationEvent":"onStartupFinished"}
[2021-09-18 03:07:35.662] [exthost] [info] ExtensionService#loadCommonJSModule file:///usr/lib/code/extensions/testing-editor-contributions/dist/extension.js
[2021-09-18 03:07:40.096] [exthost] [info] ExtensionService#_doActivateExtension asvetliakov.vscode-neovim {"startup":false,"extensionId":{"value":"asvetliakov.vscode-neovim","_lower":"asvetliakov.vscode-neovim"},"activationEvent":"*"}
[2021-09-18 03:07:40.096] [exthost] [info] ExtensionService#loadCommonJSModule file:///home/zach/.vscode-oss/extensions/asvetliakov.vscode-neovim-0.0.82/dist/extension.js
[2021-09-18 03:07:40.117] [exthost] [info] ExtensionService#_doActivateExtension formulahendry.code-runner {"startup":false,"extensionId":{"value":"formulahendry.code-runner","_lower":"formulahendry.code-runner"},"activationEvent":"onStartupFinished"}
[2021-09-18 03:07:40.118] [exthost] [info] ExtensionService#loadCommonJSModule file:///home/zach/.vscode-oss/extensions/formulahendry.code-runner-0.11.5/out/src/extension
[2021-09-18 03:08:41.250] [exthost] [info] ExtensionService#_doActivateExtension vscode.debug-server-ready {"startup":false,"extensionId":{"value":"vscode.debug-server-ready","_lower":"vscode.debug-server-ready"},"activationEvent":"onDebugResolve"}
[2021-09-18 03:08:41.251] [exthost] [info] ExtensionService#loadCommonJSModule file:///usr/lib/code/extensions/debug-server-ready/dist/extension
[2021-09-18 03:08:41.269] [exthost] [info] ExtensionService#_doActivateExtension ms-vscode.node-debug2 {"startup":false,"extensionId":{"value":"ms-vscode.node-debug2","_lower":"ms-vscode.node-debug2"},"activationEvent":"onDebugResolve:extensionHost"}
[2021-09-18 03:08:41.269] [exthost] [info] ExtensionService#loadCommonJSModule file:///usr/lib/code/extensions/ms-vscode.node-debug2/out/src/extension
[2021-09-18 03:08:41.307] [exthost] [info] ExtensionService#_doActivateExtension vscode.grunt {"startup":false,"extensionId":{"value":"vscode.grunt","_lower":"vscode.grunt"},"activationEvent":"onCommand:workbench.action.tasks.runTask"}
[2021-09-18 03:08:41.308] [exthost] [info] ExtensionService#loadCommonJSModule file:///usr/lib/code/extensions/grunt/dist/main
[2021-09-18 03:08:41.316] [exthost] [info] ExtensionService#_doActivateExtension vscode.gulp {"startup":false,"extensionId":{"value":"vscode.gulp","_lower":"vscode.gulp"},"activationEvent":"onCommand:workbench.action.tasks.runTask"}
[2021-09-18 03:08:41.316] [exthost] [info] ExtensionService#loadCommonJSModule file:///usr/lib/code/extensions/gulp/dist/main
[2021-09-18 03:08:41.327] [exthost] [info] ExtensionService#_doActivateExtension vscode.jake {"startup":false,"extensionId":{"value":"vscode.jake","_lower":"vscode.jake"},"activationEvent":"onCommand:workbench.action.tasks.runTask"}
[2021-09-18 03:08:41.327] [exthost] [info] ExtensionService#loadCommonJSModule file:///usr/lib/code/extensions/jake/dist/main
[2021-09-18 03:08:41.598] [exthost] [info] ExtensionService#_doActivateExtension vscode.extension-editing {"startup":false,"extensionId":{"value":"vscode.extension-editing","_lower":"vscode.extension-editing"},"activationEvent":"onLanguage:json"}
[2021-09-18 03:08:41.598] [exthost] [info] ExtensionService#loadCommonJSModule file:///usr/lib/code/extensions/extension-editing/dist/extensionEditingMain
[2021-09-18 03:09:34.372] [exthost] [info] extension host terminating: renderer closed the socket
[2021-09-18 03:09:34.374] [exthost] [info] Lock '/home/zach/.config/Code - OSS/User/workspaceStorage/54c7af32d2503c5b41b8621b93fa8266/vscode.lock': Marking the lockfile as scheduled to be released in 6000 ms.
[2021-09-18 03:09:35.422] [exthost] [info] exiting with code 0
