[2021-09-18 03:07:43.987] [sharedprocess] [info] [logs cleanup]: Starting to clean up old logs.
[2021-09-18 03:07:43.990] [sharedprocess] [info] [logs cleanup]: Removing log folders '20210917T202746'
[2021-09-18 03:08:03.979] [sharedprocess] [info] [code cache cleanup]: Starting to clean up old code cache folders.
[2021-09-18 03:08:03.981] [sharedprocess] [info] [storage cleanup]: Starting to clean up storage folders.
[2021-09-18 03:08:03.984] [sharedprocess] [info] [storage cleanup]: Deleting storage folder 1631923187192.
[2021-09-18 03:08:13.974] [sharedprocess] [info] [language pack cache cleanup]: Starting to clean up unused language packs.
[2021-09-18 03:08:45.273] [sharedprocess] [warning] Resolved variables received without matching request 21
[2021-09-18 03:08:45.277] [sharedprocess] [warning] Resolved variables received without matching request 22
[2021-09-18 03:08:45.280] [sharedprocess] [warning] Resolved variables received without matching request 23
[2021-09-18 03:08:45.285] [sharedprocess] [warning] Resolved variables received without matching request 24
[2021-09-18 03:08:45.289] [sharedprocess] [warning] Resolved variables received without matching request 25
[2021-09-18 03:08:47.294] [sharedprocess] [warning] Resolved variables received without matching request 26
[2021-09-18 03:08:47.334] [sharedprocess] [warning] Resolved variables received without matching request 27
[2021-09-18 03:08:47.366] [sharedprocess] [warning] Resolved variables received without matching request 28
[2021-09-18 03:08:47.366] [sharedprocess] [warning] Resolved variables received without matching request 29
[2021-09-18 03:08:47.479] [sharedprocess] [warning] Resolved variables received without matching request 30
[2021-09-18 03:09:27.265] [sharedprocess] [warning] Resolved variables received without matching request 31
[2021-09-18 03:09:27.309] [sharedprocess] [warning] Resolved variables received without matching request 32
[2021-09-18 03:09:27.314] [sharedprocess] [warning] Resolved variables received without matching request 33
[2021-09-18 03:09:27.317] [sharedprocess] [warning] Resolved variables received without matching request 34
[2021-09-18 03:09:27.342] [sharedprocess] [warning] Resolved variables received without matching request 35
[2021-09-18 03:09:31.102] [sharedprocess] [warning] Resolved variables received without matching request 41
[2021-09-18 03:09:31.106] [sharedprocess] [warning] Resolved variables received without matching request 42
[2021-09-18 03:09:31.108] [sharedprocess] [warning] Resolved variables received without matching request 43
[2021-09-18 03:09:31.113] [sharedprocess] [warning] Resolved variables received without matching request 44
[2021-09-18 03:09:31.117] [sharedprocess] [warning] Resolved variables received without matching request 45
[2021-09-18 03:09:33.137] [sharedprocess] [warning] Resolved variables received without matching request 46
[2021-09-18 03:09:33.141] [sharedprocess] [warning] Resolved variables received without matching request 47
[2021-09-18 03:09:33.142] [sharedprocess] [warning] Resolved variables received without matching request 48
[2021-09-18 03:09:33.212] [sharedprocess] [warning] Resolved variables received without matching request 49
[2021-09-18 03:09:33.213] [sharedprocess] [warning] Resolved variables received without matching request 50
